<?xml version="1.0" encoding="UTF-8"?>
<!-- Generated by org.testng.reporters.JUnitReportReporter -->
<testsuite skipped="0" hostname="DESKTOP-LTL258K" name="com.zohocrm.testcases.CreateAccountTC" tests="1" failures="0" timestamp="05 Aug 2019 03:03:02 GMT" time="47.671" errors="0">
  <testcase name="CreateAccountTestCase" time="47.671" classname="com.zohocrm.testcases.CreateAccountTC"/>
</testsuite> <!-- com.zohocrm.testcases.CreateAccountTC -->
