<?xml version="1.0" encoding="UTF-8"?>
<!-- Generated by org.testng.reporters.JUnitReportReporter -->
<testsuite skipped="0" hostname="DESKTOP-LTL258K" name="com.zohocrm.testcases.VerifyZohoDeskPageTC" tests="1" failures="0" timestamp="10 Aug 2019 12:49:02 GMT" time="0.375" errors="0">
  <testcase name="VerifyZohoDeskPageTC" time="0.375" classname="com.zohocrm.testcases.VerifyZohoDeskPageTC"/>
</testsuite> <!-- com.zohocrm.testcases.VerifyZohoDeskPageTC -->
