<?xml version="1.0" encoding="UTF-8"?>
<!-- Generated by org.testng.reporters.JUnitReportReporter -->
<testsuite skipped="0" hostname="DESKTOP-LTL258K" name="com.zohocrm.testcases.CreateAccountTC" tests="1" failures="0" timestamp="10 Aug 2019 12:49:02 GMT" time="64.203" errors="0">
  <testcase name="CreateAccountTestCase" time="64.203" classname="com.zohocrm.testcases.CreateAccountTC"/>
</testsuite> <!-- com.zohocrm.testcases.CreateAccountTC -->
